TN:
SF:database.js
FN:5,(anonymous_0)
FN:6,(anonymous_1)
FN:7,(anonymous_2)
FN:10,(anonymous_3)
FN:13,(anonymous_4)
FN:26,(anonymous_5)
FN:34,(anonymous_6)
FNF:7
FNH:0
FNDA:0,(anonymous_0)
FNDA:0,(anonymous_1)
FNDA:0,(anonymous_2)
FNDA:0,(anonymous_3)
FNDA:0,(anonymous_4)
FNDA:0,(anonymous_5)
FNDA:0,(anonymous_6)
DA:1,0
DA:2,0
DA:5,0
DA:6,0
DA:7,0
DA:8,0
DA:10,0
DA:11,0
DA:12,0
DA:13,0
DA:14,0
DA:15,0
DA:16,0
DA:20,0
DA:26,0
DA:27,0
DA:28,0
DA:29,0
DA:32,0
DA:34,0
DA:35,0
DA:38,0
DA:44,0
DA:58,0
DA:66,0
DA:73,0
DA:89,0
DA:90,0
DA:92,0
DA:93,0
DA:96,0
DA:97,0
DA:100,0
DA:102,0
DA:105,0
DA:107,0
DA:120,0
DA:122,0
DA:127,0
LF:39
LH:0
BRDA:8,0,0,0
BRDA:8,0,1,0
BRDA:11,1,0,0
BRDA:11,1,1,0
BRDA:14,2,0,0
BRDA:14,2,1,0
BRDA:27,3,0,0
BRDA:27,3,1,0
BRF:8
BRH:0
end_of_record
TN:
SF:middleware.js
FN:7,(anonymous_0)
FN:21,(anonymous_1)
FN:29,(anonymous_2)
FN:38,(anonymous_3)
FN:46,(anonymous_4)
FN:77,(anonymous_5)
FN:82,(anonymous_6)
FN:84,(anonymous_7)
FN:92,(anonymous_8)
FN:98,(anonymous_9)
FN:104,(anonymous_10)
FN:105,(anonymous_11)
FN:117,(anonymous_12)
FN:118,(anonymous_13)
FN:127,(anonymous_14)
FN:128,(anonymous_15)
FNF:16
FNH:7
FNDA:745,(anonymous_0)
FNDA:152,(anonymous_1)
FNDA:141,(anonymous_2)
FNDA:3,(anonymous_3)
FNDA:3,(anonymous_4)
FNDA:0,(anonymous_5)
FNDA:0,(anonymous_6)
FNDA:0,(anonymous_7)
FNDA:0,(anonymous_8)
FNDA:0,(anonymous_9)
FNDA:0,(anonymous_10)
FNDA:0,(anonymous_11)
FNDA:0,(anonymous_12)
FNDA:0,(anonymous_13)
FNDA:2,(anonymous_14)
FNDA:152,(anonymous_15)
DA:2,2
DA:3,2
DA:4,2
DA:7,2
DA:8,745
DA:9,288
DA:10,457
DA:11,456
DA:12,456
DA:13,289
DA:15,456
DA:17,1
DA:21,2
DA:22,152
DA:23,152
DA:24,152
DA:25,152
DA:29,2
DA:30,141
DA:31,141
DA:32,69
DA:34,72
DA:38,2
DA:39,3
DA:40,3
DA:42,3
DA:43,0
DA:46,3
DA:47,3
DA:48,2
DA:49,1
DA:51,1
DA:55,1
DA:56,0
DA:59,1
DA:60,1
DA:65,2
DA:77,0
DA:82,0
DA:85,0
DA:86,0
DA:87,0
DA:88,0
DA:92,0
DA:98,0
DA:104,0
DA:106,0
DA:107,0
DA:108,0
DA:109,0
DA:111,0
DA:117,2
DA:118,0
DA:119,0
DA:120,0
DA:122,0
DA:127,2
DA:128,2
DA:129,152
DA:130,152
DA:132,152
DA:133,0
DA:135,152
DA:139,2
LF:64
LH:43
BRDA:8,0,0,288
BRDA:8,0,1,457
BRDA:10,1,0,456
BRDA:10,1,1,1
BRDA:10,2,0,457
BRDA:10,2,1,456
BRDA:31,3,0,69
BRDA:31,3,1,72
BRDA:40,4,0,3
BRDA:40,4,1,3
BRDA:42,5,0,0
BRDA:42,5,1,3
BRDA:47,6,0,2
BRDA:47,6,1,1
BRDA:48,7,0,1
BRDA:48,7,1,1
BRDA:55,8,0,0
BRDA:55,8,1,1
BRDA:55,9,0,1
BRDA:55,9,1,1
BRDA:92,10,0,0
BRDA:92,11,0,0
BRDA:98,12,0,0
BRDA:98,13,0,0
BRDA:107,14,0,0
BRDA:107,14,1,0
BRDA:119,15,0,0
BRDA:119,15,1,0
BRDA:119,16,0,0
BRDA:119,16,1,0
BRDA:127,17,0,0
BRDA:132,18,0,0
BRDA:132,18,1,152
BRDA:132,19,0,152
BRDA:132,19,1,149
BRF:35
BRH:21
end_of_record
TN:
SF:server.js
FN:50,(anonymous_0)
FN:106,(anonymous_1)
FN:114,(anonymous_2)
FN:114,(anonymous_3)
FN:114,(anonymous_4)
FN:115,(anonymous_5)
FN:115,(anonymous_6)
FN:115,(anonymous_7)
FN:116,(anonymous_8)
FN:116,(anonymous_9)
FN:116,(anonymous_10)
FN:125,(anonymous_11)
FN:148,(anonymous_12)
FN:176,(anonymous_13)
FN:177,(anonymous_14)
FN:189,(anonymous_15)
FN:214,(anonymous_16)
FN:234,(anonymous_17)
FN:237,(anonymous_18)
FN:250,(anonymous_19)
FN:274,(anonymous_20)
FN:294,(anonymous_21)
FN:327,(anonymous_22)
FN:356,(anonymous_23)
FN:378,(anonymous_24)
FN:386,(anonymous_25)
FN:386,(anonymous_26)
FN:394,(anonymous_27)
FN:395,(anonymous_28)
FN:395,(anonymous_29)
FN:415,(anonymous_30)
FN:437,(anonymous_31)
FN:465,(anonymous_32)
FN:490,(anonymous_33)
FN:505,(anonymous_34)
FN:505,(anonymous_35)
FN:507,(anonymous_36)
FN:507,(anonymous_37)
FN:524,(anonymous_38)
FN:550,(anonymous_39)
FN:584,(anonymous_40)
FN:600,(anonymous_41)
FN:612,(anonymous_42)
FN:627,(anonymous_43)
FN:648,(anonymous_44)
FN:676,(anonymous_45)
FN:687,(anonymous_46)
FN:689,(anonymous_47)
FN:703,(anonymous_48)
FN:705,(anonymous_49)
FN:708,(anonymous_50)
FN:721,(anonymous_51)
FN:751,(anonymous_52)
FN:758,(anonymous_53)
FN:795,(anonymous_54)
FN:808,(anonymous_55)
FN:809,(anonymous_56)
FN:809,(anonymous_57)
FN:829,(anonymous_58)
FN:846,(anonymous_59)
FN:902,(anonymous_60)
FN:921,(anonymous_61)
FN:927,(anonymous_62)
FN:948,(anonymous_63)
FN:1012,(anonymous_64)
FN:1033,(anonymous_65)
FN:1034,(anonymous_66)
FN:1044,(anonymous_67)
FN:1044,(anonymous_68)
FN:1061,(anonymous_69)
FN:1085,(anonymous_70)
FN:1089,(anonymous_71)
FN:1103,(anonymous_72)
FN:1141,(anonymous_73)
FN:1149,(anonymous_74)
FN:1153,(anonymous_75)
FN:1180,(anonymous_76)
FN:1209,(anonymous_77)
FN:1235,(anonymous_78)
FN:1240,(anonymous_79)
FN:1245,(anonymous_80)
FN:1273,(anonymous_81)
FN:1290,(anonymous_82)
FN:1312,(anonymous_83)
FN:1313,(anonymous_84)
FN:1314,(anonymous_85)
FN:1315,(anonymous_86)
FN:1322,(anonymous_87)
FN:1332,(anonymous_88)
FN:1351,(anonymous_89)
FN:1368,(anonymous_90)
FN:1369,(anonymous_91)
FN:1369,(anonymous_92)
FN:1373,(anonymous_93)
FN:1439,(anonymous_94)
FN:1480,(anonymous_95)
FN:1579,(anonymous_96)
FN:1584,(anonymous_97)
FN:1593,(anonymous_98)
FNF:99
FNH:0
FNDA:0,(anonymous_0)
FNDA:0,(anonymous_1)
FNDA:0,(anonymous_2)
FNDA:0,(anonymous_3)
FNDA:0,(anonymous_4)
FNDA:0,(anonymous_5)
FNDA:0,(anonymous_6)
FNDA:0,(anonymous_7)
FNDA:0,(anonymous_8)
FNDA:0,(anonymous_9)
FNDA:0,(anonymous_10)
FNDA:0,(anonymous_11)
FNDA:0,(anonymous_12)
FNDA:0,(anonymous_13)
FNDA:0,(anonymous_14)
FNDA:0,(anonymous_15)
FNDA:0,(anonymous_16)
FNDA:0,(anonymous_17)
FNDA:0,(anonymous_18)
FNDA:0,(anonymous_19)
FNDA:0,(anonymous_20)
FNDA:0,(anonymous_21)
FNDA:0,(anonymous_22)
FNDA:0,(anonymous_23)
FNDA:0,(anonymous_24)
FNDA:0,(anonymous_25)
FNDA:0,(anonymous_26)
FNDA:0,(anonymous_27)
FNDA:0,(anonymous_28)
FNDA:0,(anonymous_29)
FNDA:0,(anonymous_30)
FNDA:0,(anonymous_31)
FNDA:0,(anonymous_32)
FNDA:0,(anonymous_33)
FNDA:0,(anonymous_34)
FNDA:0,(anonymous_35)
FNDA:0,(anonymous_36)
FNDA:0,(anonymous_37)
FNDA:0,(anonymous_38)
FNDA:0,(anonymous_39)
FNDA:0,(anonymous_40)
FNDA:0,(anonymous_41)
FNDA:0,(anonymous_42)
FNDA:0,(anonymous_43)
FNDA:0,(anonymous_44)
FNDA:0,(anonymous_45)
FNDA:0,(anonymous_46)
FNDA:0,(anonymous_47)
FNDA:0,(anonymous_48)
FNDA:0,(anonymous_49)
FNDA:0,(anonymous_50)
FNDA:0,(anonymous_51)
FNDA:0,(anonymous_52)
FNDA:0,(anonymous_53)
FNDA:0,(anonymous_54)
FNDA:0,(anonymous_55)
FNDA:0,(anonymous_56)
FNDA:0,(anonymous_57)
FNDA:0,(anonymous_58)
FNDA:0,(anonymous_59)
FNDA:0,(anonymous_60)
FNDA:0,(anonymous_61)
FNDA:0,(anonymous_62)
FNDA:0,(anonymous_63)
FNDA:0,(anonymous_64)
FNDA:0,(anonymous_65)
FNDA:0,(anonymous_66)
FNDA:0,(anonymous_67)
FNDA:0,(anonymous_68)
FNDA:0,(anonymous_69)
FNDA:0,(anonymous_70)
FNDA:0,(anonymous_71)
FNDA:0,(anonymous_72)
FNDA:0,(anonymous_73)
FNDA:0,(anonymous_74)
FNDA:0,(anonymous_75)
FNDA:0,(anonymous_76)
FNDA:0,(anonymous_77)
FNDA:0,(anonymous_78)
FNDA:0,(anonymous_79)
FNDA:0,(anonymous_80)
FNDA:0,(anonymous_81)
FNDA:0,(anonymous_82)
FNDA:0,(anonymous_83)
FNDA:0,(anonymous_84)
FNDA:0,(anonymous_85)
FNDA:0,(anonymous_86)
FNDA:0,(anonymous_87)
FNDA:0,(anonymous_88)
FNDA:0,(anonymous_89)
FNDA:0,(anonymous_90)
FNDA:0,(anonymous_91)
FNDA:0,(anonymous_92)
FNDA:0,(anonymous_93)
FNDA:0,(anonymous_94)
FNDA:0,(anonymous_95)
FNDA:0,(anonymous_96)
FNDA:0,(anonymous_97)
FNDA:0,(anonymous_98)
DA:2,0
DA:3,0
DA:4,0
DA:5,0
DA:6,0
DA:7,0
DA:8,0
DA:9,0
DA:10,0
DA:11,0
DA:12,0
DA:13,0
DA:22,0
DA:24,0
DA:26,0
DA:29,0
DA:48,0
DA:49,0
DA:52,0
DA:53,0
DA:55,0
DA:56,0
DA:58,0
DA:66,0
DA:82,0
DA:83,0
DA:84,0
DA:87,0
DA:94,0
DA:97,0
DA:105,0
DA:106,0
DA:107,0
DA:108,0
DA:109,0
DA:110,0
DA:114,0
DA:115,0
DA:116,0
DA:121,0
DA:126,0
DA:127,0
DA:128,0
DA:129,0
DA:130,0
DA:132,0
DA:133,0
DA:135,0
DA:136,0
DA:143,0
DA:149,0
DA:150,0
DA:151,0
DA:152,0
DA:153,0
DA:157,0
DA:164,0
DA:165,0
DA:167,0
DA:169,0
DA:170,0
DA:176,0
DA:177,0
DA:178,0
DA:179,0
DA:181,0
DA:186,0
DA:190,0
DA:191,0
DA:192,0
DA:193,0
DA:194,0
DA:195,0
DA:196,0
DA:198,0
DA:201,0
DA:203,0
DA:204,0
DA:210,0
DA:215,0
DA:216,0
DA:217,0
DA:218,0
DA:219,0
DA:221,0
DA:222,0
DA:223,0
DA:225,0
DA:226,0
DA:234,0
DA:235,0
DA:236,0
DA:237,0
DA:239,0
DA:240,0
DA:245,0
DA:251,0
DA:253,0
DA:254,0
DA:259,0
DA:260,0
DA:261,0
DA:263,0
DA:264,0
DA:270,0
DA:275,0
DA:276,0
DA:277,0
DA:278,0
DA:279,0
DA:281,0
DA:283,0
DA:284,0
DA:290,0
DA:295,0
DA:296,0
DA:297,0
DA:298,0
DA:299,0
DA:301,0
DA:302,0
DA:303,0
DA:304,0
DA:305,0
DA:306,0
DA:308,0
DA:310,0
DA:311,0
DA:312,0
DA:318,0
DA:328,0
DA:329,0
DA:332,0
DA:333,0
DA:334,0
DA:337,0
DA:338,0
DA:339,0
DA:340,0
DA:341,0
DA:343,0
DA:344,0
DA:352,0
DA:357,0
DA:358,0
DA:359,0
DA:361,0
DA:362,0
DA:364,0
DA:365,0
DA:371,0
DA:379,0
DA:380,0
DA:382,0
DA:383,0
DA:384,0
DA:386,0
DA:388,0
DA:389,0
DA:390,0
DA:392,0
DA:393,0
DA:394,0
DA:395,0
DA:398,0
DA:399,0
DA:401,0
DA:402,0
DA:403,0
DA:409,0
DA:416,0
DA:417,0
DA:421,0
DA:422,0
DA:423,0
DA:424,0
DA:426,0
DA:427,0
DA:433,0
DA:438,0
DA:439,0
DA:440,0
DA:444,0
DA:446,0
DA:447,0
DA:448,0
DA:449,0
DA:450,0
DA:451,0
DA:453,0
DA:454,0
DA:455,0
DA:461,0
DA:466,0
DA:467,0
DA:471,0
DA:473,0
DA:474,0
DA:476,0
DA:477,0
DA:483,0
DA:491,0
DA:493,0
DA:494,0
DA:495,0
DA:503,0
DA:504,0
DA:505,0
DA:507,0
DA:508,0
DA:509,0
DA:511,0
DA:512,0
DA:513,0
DA:519,0
DA:525,0
DA:526,0
DA:534,0
DA:535,0
DA:536,0
DA:537,0
DA:539,0
DA:540,0
DA:546,0
DA:551,0
DA:552,0
DA:553,0
DA:559,0
DA:561,0
DA:562,0
DA:563,0
DA:564,0
DA:565,0
DA:567,0
DA:568,0
DA:569,0
DA:575,0
DA:585,0
DA:586,0
DA:588,0
DA:589,0
DA:591,0
DA:592,0
DA:594,0
DA:595,0
DA:596,0
DA:597,0
DA:600,0
DA:601,0
DA:602,0
DA:603,0
DA:606,0
DA:608,0
DA:609,0
DA:610,0
DA:611,0
DA:612,0
DA:615,0
DA:616,0
DA:617,0
DA:620,0
DA:621,0
DA:622,0
DA:623,0
DA:625,0
DA:627,0
DA:628,0
DA:629,0
DA:630,0
DA:633,0
DA:634,0
DA:635,0
DA:636,0
DA:637,0
DA:644,0
DA:648,0
DA:649,0
DA:650,0
DA:651,0
DA:652,0
DA:654,0
DA:655,0
DA:656,0
DA:659,0
DA:660,0
DA:661,0
DA:664,0
DA:665,0
DA:666,0
DA:668,0
DA:669,0
DA:671,0
DA:673,0
DA:676,0
DA:677,0
DA:678,0
DA:679,0
DA:680,0
DA:682,0
DA:684,0
DA:687,0
DA:688,0
DA:689,0
DA:690,0
DA:691,0
DA:692,0
DA:694,0
DA:695,0
DA:696,0
DA:697,0
DA:703,0
DA:704,0
DA:705,0
DA:706,0
DA:708,0
DA:710,0
DA:711,0
DA:713,0
DA:714,0
DA:715,0
DA:717,0
DA:718,0
DA:719,0
DA:721,0
DA:722,0
DA:723,0
DA:724,0
DA:725,0
DA:726,0
DA:727,0
DA:733,0
DA:734,0
DA:736,0
DA:737,0
DA:738,0
DA:739,0
DA:742,0
DA:743,0
DA:744,0
DA:745,0
DA:746,0
DA:747,0
DA:749,0
DA:751,0
DA:752,0
DA:753,0
DA:754,0
DA:757,0
DA:758,0
DA:761,0
DA:768,0
DA:769,0
DA:770,0
DA:772,0
DA:773,0
DA:774,0
DA:779,0
DA:780,0
DA:781,0
DA:782,0
DA:784,0
DA:791,0
DA:792,0
DA:795,0
DA:805,0
DA:806,0
DA:807,0
DA:808,0
DA:809,0
DA:812,0
DA:813,0
DA:816,0
DA:817,0
DA:818,0
DA:825,0
DA:830,0
DA:831,0
DA:832,0
DA:833,0
DA:835,0
DA:836,0
DA:838,0
DA:839,0
DA:842,0
DA:843,0
DA:844,0
DA:846,0
DA:847,0
DA:848,0
DA:849,0
DA:850,0
DA:852,0
DA:853,0
DA:854,0
DA:857,0
DA:858,0
DA:860,0
DA:861,0
DA:863,0
DA:864,0
DA:866,0
DA:868,0
DA:871,0
DA:873,0
DA:874,0
DA:875,0
DA:876,0
DA:877,0
DA:878,0
DA:879,0
DA:881,0
DA:885,0
DA:886,0
DA:888,0
DA:891,0
DA:892,0
DA:893,0
DA:898,0
DA:903,0
DA:904,0
DA:905,0
DA:907,0
DA:908,0
DA:909,0
DA:911,0
DA:912,0
DA:917,0
DA:922,0
DA:923,0
DA:924,0
DA:926,0
DA:927,0
DA:928,0
DA:929,0
DA:930,0
DA:931,0
DA:933,0
DA:935,0
DA:936,0
DA:941,0
DA:949,0
DA:950,0
DA:951,0
DA:954,0
DA:955,0
DA:956,0
DA:957,0
DA:958,0
DA:959,0
DA:961,0
DA:962,0
DA:966,0
DA:970,0
DA:972,0
DA:973,0
DA:974,0
DA:979,0
DA:980,0
DA:982,0
DA:983,0
DA:984,0
DA:987,0
DA:988,0
DA:989,0
DA:990,0
DA:994,0
DA:995,0
DA:998,0
DA:999,0
DA:1000,0
DA:1006,0
DA:1013,0
DA:1014,0
DA:1016,0
DA:1017,0
DA:1019,0
DA:1029,0
DA:1030,0
DA:1031,0
DA:1033,0
DA:1034,0
DA:1035,0
DA:1036,0
DA:1037,0
DA:1039,0
DA:1044,0
DA:1045,0
DA:1047,0
DA:1050,0
DA:1051,0
DA:1052,0
DA:1057,0
DA:1062,0
DA:1063,0
DA:1064,0
DA:1065,0
DA:1067,0
DA:1068,0
DA:1069,0
DA:1071,0
DA:1072,0
DA:1074,0
DA:1076,0
DA:1077,0
DA:1082,0
DA:1086,0
DA:1090,0
DA:1091,0
DA:1093,0
DA:1094,0
DA:1095,0
DA:1097,0
DA:1098,0
DA:1100,0
DA:1101,0
DA:1103,0
DA:1104,0
DA:1105,0
DA:1106,0
DA:1107,0
DA:1109,0
DA:1112,0
DA:1113,0
DA:1114,0
DA:1116,0
DA:1119,0
DA:1121,0
DA:1122,0
DA:1125,0
DA:1126,0
DA:1128,0
DA:1131,0
DA:1132,0
DA:1137,0
DA:1142,0
DA:1143,0
DA:1144,0
DA:1145,0
DA:1147,0
DA:1149,0
DA:1150,0
DA:1152,0
DA:1153,0
DA:1154,0
DA:1155,0
DA:1157,0
DA:1158,0
DA:1159,0
DA:1163,0
DA:1164,0
DA:1165,0
DA:1166,0
DA:1168,0
DA:1170,0
DA:1171,0
DA:1176,0
DA:1181,0
DA:1182,0
DA:1183,0
DA:1184,0
DA:1185,0
DA:1186,0
DA:1187,0
DA:1188,0
DA:1189,0
DA:1190,0
DA:1191,0
DA:1192,0
DA:1199,0
DA:1200,0
DA:1205,0
DA:1210,0
DA:1211,0
DA:1222,0
DA:1223,0
DA:1224,0
DA:1226,0
DA:1227,0
DA:1232,0
DA:1237,0
DA:1238,0
DA:1241,0
DA:1242,0
DA:1246,0
DA:1247,0
DA:1248,0
DA:1249,0
DA:1250,0
DA:1251,0
DA:1252,0
DA:1253,0
DA:1254,0
DA:1255,0
DA:1256,0
DA:1257,0
DA:1266,0
DA:1267,0
DA:1268,0
DA:1269,0
DA:1271,0
DA:1272,0
DA:1273,0
DA:1274,0
DA:1275,0
DA:1276,0
DA:1278,0
DA:1280,0
DA:1281,0
DA:1286,0
DA:1291,0
DA:1292,0
DA:1293,0
DA:1294,0
DA:1295,0
DA:1297,0
DA:1298,0
DA:1312,0
DA:1313,0
DA:1314,0
DA:1315,0
DA:1317,0
DA:1322,0
DA:1331,0
DA:1332,0
DA:1333,0
DA:1335,0
DA:1341,0
DA:1342,0
DA:1347,0
DA:1352,0
DA:1353,0
DA:1354,0
DA:1355,0
DA:1357,0
DA:1358,0
DA:1359,0
DA:1361,0
DA:1362,0
DA:1365,0
DA:1366,0
DA:1368,0
DA:1369,0
DA:1370,0
DA:1371,0
DA:1373,0
DA:1374,0
DA:1376,0
DA:1377,0
DA:1379,0
DA:1380,0
DA:1382,0
DA:1383,0
DA:1387,0
DA:1388,0
DA:1389,0
DA:1390,0
DA:1391,0
DA:1394,0
DA:1395,0
DA:1396,0
DA:1397,0
DA:1398,0
DA:1399,0
DA:1400,0
DA:1401,0
DA:1405,0
DA:1406,0
DA:1407,0
DA:1408,0
DA:1409,0
DA:1411,0
DA:1412,0
DA:1413,0
DA:1414,0
DA:1418,0
DA:1429,0
DA:1430,0
DA:1434,0
DA:1440,0
DA:1441,0
DA:1442,0
DA:1444,0
DA:1446,0
DA:1452,0
DA:1453,0
DA:1457,0
DA:1463,0
DA:1469,0
DA:1470,0
DA:1476,0
DA:1481,0
DA:1482,0
DA:1484,0
DA:1485,0
DA:1486,0
DA:1489,0
DA:1494,0
DA:1496,0
DA:1507,0
DA:1508,0
DA:1509,0
DA:1510,0
DA:1511,0
DA:1512,0
DA:1513,0
DA:1515,0
DA:1519,0
DA:1522,0
DA:1527,0
DA:1528,0
DA:1529,0
DA:1530,0
DA:1531,0
DA:1532,0
DA:1534,0
DA:1536,0
DA:1537,0
DA:1538,0
DA:1539,0
DA:1540,0
DA:1541,0
DA:1542,0
DA:1543,0
DA:1544,0
DA:1545,0
DA:1547,0
DA:1554,0
DA:1555,0
DA:1563,0
DA:1574,0
DA:1575,0
DA:1579,0
DA:1580,0
DA:1584,0
DA:1585,0
DA:1586,0
DA:1588,0
DA:1589,0
DA:1592,0
DA:1593,0
DA:1594,0
DA:1595,0
DA:1596,0
LF:743
LH:0
BRDA:48,0,0,0
BRDA:48,0,1,0
BRDA:52,1,0,0
BRDA:52,1,1,0
BRDA:52,2,0,0
BRDA:52,2,1,0
BRDA:55,3,0,0
BRDA:55,3,1,0
BRDA:71,4,0,0
BRDA:71,4,1,0
BRDA:88,5,0,0
BRDA:88,5,1,0
BRDA:89,6,0,0
BRDA:89,6,1,0
BRDA:107,7,0,0
BRDA:107,7,1,0
BRDA:114,8,0,0
BRDA:114,8,1,0
BRDA:115,9,0,0
BRDA:115,9,1,0
BRDA:116,10,0,0
BRDA:116,10,1,0
BRDA:132,11,0,0
BRDA:132,11,1,0
BRDA:152,12,0,0
BRDA:152,12,1,0
BRDA:152,13,0,0
BRDA:152,13,1,0
BRDA:178,14,0,0
BRDA:178,14,1,0
BRDA:193,15,0,0
BRDA:193,15,1,0
BRDA:218,16,0,0
BRDA:218,16,1,0
BRDA:237,17,0,0
BRDA:237,17,1,0
BRDA:277,18,0,0
BRDA:277,18,1,0
BRDA:278,19,0,0
BRDA:278,19,1,0
BRDA:299,20,0,0
BRDA:299,20,1,0
BRDA:333,21,0,0
BRDA:333,21,1,0
BRDA:333,22,0,0
BRDA:333,22,1,0
BRDA:339,23,0,0
BRDA:339,23,1,0
BRDA:340,24,0,0
BRDA:340,24,1,0
BRDA:359,25,0,0
BRDA:359,25,1,0
BRDA:384,26,0,0
BRDA:384,26,1,0
BRDA:392,27,0,0
BRDA:392,27,1,0
BRDA:395,28,0,0
BRDA:395,28,1,0
BRDA:423,29,0,0
BRDA:423,29,1,0
BRDA:444,30,0,0
BRDA:444,30,1,0
BRDA:471,31,0,0
BRDA:471,31,1,0
BRDA:504,32,0,0
BRDA:504,32,1,0
BRDA:505,33,0,0
BRDA:505,33,1,0
BRDA:507,34,0,0
BRDA:507,34,1,0
BRDA:536,35,0,0
BRDA:536,35,1,0
BRDA:559,36,0,0
BRDA:559,36,1,0
BRDA:595,37,0,0
BRDA:595,37,1,0
BRDA:600,38,0,0
BRDA:600,38,1,0
BRDA:601,39,0,0
BRDA:601,39,1,0
BRDA:615,40,0,0
BRDA:615,40,1,0
BRDA:620,41,0,0
BRDA:620,41,1,0
BRDA:629,42,0,0
BRDA:629,42,1,0
BRDA:633,43,0,0
BRDA:633,43,1,0
BRDA:636,44,0,0
BRDA:636,44,1,0
BRDA:648,45,0,0
BRDA:654,46,0,0
BRDA:654,46,1,0
BRDA:659,47,0,0
BRDA:659,47,1,0
BRDA:659,48,0,0
BRDA:659,48,1,0
BRDA:664,49,0,0
BRDA:664,49,1,0
BRDA:666,50,0,0
BRDA:666,50,1,0
BRDA:668,51,0,0
BRDA:668,51,1,0
BRDA:668,52,0,0
BRDA:668,52,1,0
BRDA:679,53,0,0
BRDA:679,53,1,0
BRDA:687,54,0,0
BRDA:687,54,1,0
BRDA:694,55,0,0
BRDA:694,55,1,0
BRDA:694,56,0,0
BRDA:694,56,1,0
BRDA:696,57,0,0
BRDA:696,57,1,0
BRDA:715,58,0,0
BRDA:715,58,1,0
BRDA:724,59,0,0
BRDA:724,59,1,0
BRDA:726,60,0,0
BRDA:726,60,1,0
BRDA:733,61,0,0
BRDA:733,61,1,0
BRDA:742,62,0,0
BRDA:742,62,1,0
BRDA:747,63,0,0
BRDA:747,63,1,0
BRDA:752,64,0,0
BRDA:752,64,1,0
BRDA:772,65,0,0
BRDA:772,65,1,0
BRDA:772,66,0,0
BRDA:772,66,1,0
BRDA:782,67,0,0
BRDA:782,67,1,0
BRDA:805,68,0,0
BRDA:805,68,1,0
BRDA:809,69,0,0
BRDA:809,69,1,0
BRDA:833,70,0,0
BRDA:833,70,1,0
BRDA:838,71,0,0
BRDA:838,71,1,0
BRDA:842,72,0,0
BRDA:842,72,1,0
BRDA:852,73,0,0
BRDA:852,73,1,0
BRDA:857,74,0,0
BRDA:857,74,1,0
BRDA:863,75,0,0
BRDA:863,75,1,0
BRDA:863,76,0,0
BRDA:863,76,1,0
BRDA:876,77,0,0
BRDA:876,77,1,0
BRDA:905,78,0,0
BRDA:905,78,1,0
BRDA:924,79,0,0
BRDA:924,79,1,0
BRDA:929,80,0,0
BRDA:929,80,1,0
BRDA:956,81,0,0
BRDA:956,81,1,0
BRDA:957,82,0,0
BRDA:957,82,1,0
BRDA:958,83,0,0
BRDA:958,83,1,0
BRDA:959,84,0,0
BRDA:959,84,1,0
BRDA:972,85,0,0
BRDA:972,85,1,0
BRDA:979,86,0,0
BRDA:979,86,1,0
BRDA:982,87,0,0
BRDA:982,87,1,0
BRDA:982,88,0,0
BRDA:982,88,1,0
BRDA:982,88,2,0
BRDA:983,89,0,0
BRDA:983,89,1,0
BRDA:987,90,0,0
BRDA:987,90,1,0
BRDA:989,91,0,0
BRDA:989,91,1,0
BRDA:989,92,0,0
BRDA:989,92,1,0
BRDA:989,92,2,0
BRDA:1031,93,0,0
BRDA:1031,93,1,0
BRDA:1035,94,0,0
BRDA:1035,94,1,0
BRDA:1036,95,0,0
BRDA:1036,95,1,0
BRDA:1044,96,0,0
BRDA:1044,96,1,0
BRDA:1065,97,0,0
BRDA:1065,97,1,0
BRDA:1065,98,0,0
BRDA:1065,98,1,0
BRDA:1086,99,0,0
BRDA:1086,99,1,0
BRDA:1086,99,2,0
BRDA:1086,99,3,0
BRDA:1095,100,0,0
BRDA:1095,100,1,0
BRDA:1098,101,0,0
BRDA:1098,101,1,0
BRDA:1106,102,0,0
BRDA:1106,102,1,0
BRDA:1106,103,0,0
BRDA:1106,103,1,0
BRDA:1113,104,0,0
BRDA:1113,104,1,0
BRDA:1121,105,0,0
BRDA:1121,105,1,0
BRDA:1147,106,0,0
BRDA:1147,106,1,0
BRDA:1154,107,0,0
BRDA:1154,107,1,0
BRDA:1158,108,0,0
BRDA:1158,108,1,0
BRDA:1166,109,0,0
BRDA:1166,109,1,0
BRDA:1185,110,0,0
BRDA:1185,110,1,0
BRDA:1189,111,0,0
BRDA:1189,111,1,0
BRDA:1194,112,0,0
BRDA:1194,112,1,0
BRDA:1196,113,0,0
BRDA:1196,113,1,0
BRDA:1250,114,0,0
BRDA:1250,114,1,0
BRDA:1252,115,0,0
BRDA:1252,115,1,0
BRDA:1267,116,0,0
BRDA:1267,116,1,0
BRDA:1274,117,0,0
BRDA:1274,117,1,0
BRDA:1295,118,0,0
BRDA:1295,118,1,0
BRDA:1320,119,0,0
BRDA:1320,119,1,0
BRDA:1333,120,0,0
BRDA:1333,120,1,0
BRDA:1355,121,0,0
BRDA:1355,121,1,0
BRDA:1361,122,0,0
BRDA:1361,122,1,0
BRDA:1373,123,0,0
BRDA:1373,123,1,0
BRDA:1374,124,0,0
BRDA:1374,124,1,0
BRDA:1377,125,0,0
BRDA:1377,125,1,0
BRDA:1387,126,0,0
BRDA:1387,126,1,0
BRDA:1395,127,0,0
BRDA:1395,127,1,0
BRDA:1396,128,0,0
BRDA:1396,128,1,0
BRDA:1400,129,0,0
BRDA:1400,129,1,0
BRDA:1405,130,0,0
BRDA:1405,130,1,0
BRDA:1419,131,0,0
BRDA:1419,131,1,0
BRDA:1452,132,0,0
BRDA:1452,132,1,0
BRDA:1465,133,0,0
BRDA:1465,133,1,0
BRDA:1486,134,0,0
BRDA:1486,134,1,0
BRDA:1494,135,0,0
BRDA:1494,135,1,0
BRDA:1510,136,0,0
BRDA:1510,136,1,0
BRDA:1512,137,0,0
BRDA:1512,137,1,0
BRDA:1519,138,0,0
BRDA:1519,138,1,0
BRDA:1528,139,0,0
BRDA:1528,139,1,0
BRDA:1536,140,0,0
BRDA:1536,140,1,0
BRDA:1536,141,0,0
BRDA:1536,141,1,0
BRDA:1543,142,0,0
BRDA:1543,142,1,0
BRDA:1566,143,0,0
BRDA:1566,143,1,0
BRDA:1569,144,0,0
BRDA:1569,144,1,0
BRDA:1570,145,0,0
BRDA:1570,145,1,0
BRDA:1585,146,0,0
BRDA:1585,146,1,0
BRDA:1592,147,0,0
BRDA:1592,147,1,0
BRDA:1595,148,0,0
BRDA:1595,148,1,0
BRF:301
BRH:0
end_of_record
